2025-06-11 22:41:59.938 [restartedMain] INFO  com.xichen.tourism.BackendApplication - Starting BackendApplication using Java 18.0.2.1 on LAPTOP-QDS31QG8 with PID 8152 (D:\浏览器下载\006-旅游推荐系统-新版\006-旅游推荐管理系统\tourism-backend\target\classes started by user in D:\浏览器下载\006-旅游推荐系统-新版\006-旅游推荐管理系统\tourism-backend)
2025-06-11 22:41:59.941 [restartedMain] INFO  com.xichen.tourism.BackendApplication - The following profiles are active: dev
2025-06-11 22:41:59.989 [restartedMain] INFO  o.s.b.d.env.DevToolsPropertyDefaultsPostProcessor - Devtools property defaults active! Set 'spring.devtools.add-properties' to 'false' to disable
2025-06-11 22:41:59.989 [restartedMain] INFO  o.s.b.d.env.DevToolsPropertyDefaultsPostProcessor - For additional web related logging consider setting the 'logging.level.web' property to 'DEBUG'
2025-06-11 22:42:00.509 [restartedMain] INFO  o.s.d.r.config.RepositoryConfigurationDelegate - Multiple Spring Data modules found, entering strict repository configuration mode!
2025-06-11 22:42:00.510 [restartedMain] INFO  o.s.d.r.config.RepositoryConfigurationDelegate - Bootstrapping Spring Data Redis repositories in DEFAULT mode.
2025-06-11 22:42:00.523 [restartedMain] INFO  o.s.d.r.config.RepositoryConfigurationDelegate - Finished Spring Data repository scanning in 3 ms. Found 0 Redis repository interfaces.
2025-06-11 22:42:00.968 [restartedMain] INFO  o.s.boot.web.embedded.tomcat.TomcatWebServer - Tomcat initialized with port(s): 8080 (http)
2025-06-11 22:42:00.974 [restartedMain] INFO  org.apache.coyote.http11.Http11NioProtocol - Initializing ProtocolHandler ["http-nio-8080"]
2025-06-11 22:42:00.975 [restartedMain] INFO  org.apache.catalina.core.StandardService - Starting service [Tomcat]
2025-06-11 22:42:00.975 [restartedMain] INFO  org.apache.catalina.core.StandardEngine - Starting Servlet engine: [Apache Tomcat/9.0.41]
2025-06-11 22:42:01.046 [restartedMain] INFO  o.a.c.core.ContainerBase.[Tomcat].[localhost].[/] - Initializing Spring embedded WebApplicationContext
2025-06-11 22:42:01.046 [restartedMain] INFO  o.s.b.w.s.c.ServletWebServerApplicationContext - Root WebApplicationContext: initialization completed in 1056 ms
2025-06-11 22:42:01.320 [restartedMain] INFO  org.apache.catalina.core.StandardService - Stopping service [Tomcat]
2025-06-11 22:42:01.351 [restartedMain] INFO  o.s.b.a.l.ConditionEvaluationReportLoggingListener - 

Error starting ApplicationContext. To display the conditions report re-run your application with 'debug' enabled.
2025-06-11 22:51:59.877 [restartedMain] INFO  com.xichen.tourism.BackendApplication - Starting BackendApplication using Java 18.0.2.1 on LAPTOP-QDS31QG8 with PID 6060 (D:\浏览器下载\006-旅游推荐系统-新版\006-旅游推荐管理系统\tourism-backend\target\classes started by user in D:\浏览器下载\006-旅游推荐系统-新版\006-旅游推荐管理系统\tourism-backend)
2025-06-11 22:51:59.879 [restartedMain] INFO  com.xichen.tourism.BackendApplication - The following profiles are active: dev
2025-06-11 22:51:59.918 [restartedMain] INFO  o.s.b.d.env.DevToolsPropertyDefaultsPostProcessor - Devtools property defaults active! Set 'spring.devtools.add-properties' to 'false' to disable
2025-06-11 22:51:59.918 [restartedMain] INFO  o.s.b.d.env.DevToolsPropertyDefaultsPostProcessor - For additional web related logging consider setting the 'logging.level.web' property to 'DEBUG'
2025-06-11 22:52:00.313 [restartedMain] INFO  o.s.d.r.config.RepositoryConfigurationDelegate - Multiple Spring Data modules found, entering strict repository configuration mode!
2025-06-11 22:52:00.315 [restartedMain] INFO  o.s.d.r.config.RepositoryConfigurationDelegate - Bootstrapping Spring Data Redis repositories in DEFAULT mode.
2025-06-11 22:52:00.333 [restartedMain] INFO  o.s.d.r.config.RepositoryConfigurationDelegate - Finished Spring Data repository scanning in 11 ms. Found 0 Redis repository interfaces.
2025-06-11 22:52:00.675 [restartedMain] INFO  o.s.boot.web.embedded.tomcat.TomcatWebServer - Tomcat initialized with port(s): 8080 (http)
2025-06-11 22:52:00.680 [restartedMain] INFO  org.apache.coyote.http11.Http11NioProtocol - Initializing ProtocolHandler ["http-nio-8080"]
2025-06-11 22:52:00.680 [restartedMain] INFO  org.apache.catalina.core.StandardService - Starting service [Tomcat]
2025-06-11 22:52:00.681 [restartedMain] INFO  org.apache.catalina.core.StandardEngine - Starting Servlet engine: [Apache Tomcat/9.0.41]
2025-06-11 22:52:00.743 [restartedMain] INFO  o.a.c.core.ContainerBase.[Tomcat].[localhost].[/] - Initializing Spring embedded WebApplicationContext
2025-06-11 22:52:00.743 [restartedMain] INFO  o.s.b.w.s.c.ServletWebServerApplicationContext - Root WebApplicationContext: initialization completed in 824 ms
2025-06-11 22:52:00.943 [restartedMain] INFO  c.a.d.s.b.a.DruidDataSourceAutoConfigure - Init DruidDataSource
2025-06-11 22:52:01.551 [restartedMain] INFO  com.alibaba.druid.pool.DruidDataSource - {dataSource-1} inited
2025-06-11 22:52:02.006 [restartedMain] INFO  o.s.scheduling.concurrent.ThreadPoolTaskExecutor - Initializing ExecutorService 'applicationTaskExecutor'
2025-06-11 22:52:02.177 [restartedMain] INFO  o.s.b.d.autoconfigure.OptionalLiveReloadServer - LiveReload server is running on port 35729
2025-06-11 22:52:02.196 [restartedMain] INFO  org.apache.coyote.http11.Http11NioProtocol - Starting ProtocolHandler ["http-nio-8080"]
2025-06-11 22:52:02.214 [restartedMain] INFO  o.s.boot.web.embedded.tomcat.TomcatWebServer - Tomcat started on port(s): 8080 (http) with context path ''
2025-06-11 22:52:02.220 [restartedMain] INFO  com.xichen.tourism.BackendApplication - Started BackendApplication in 2.622 seconds (JVM running for 3.114)
2025-06-11 22:52:02.222 [restartedMain] INFO  com.xichen.tourism.BackendApplication - =====================项目后端启动成功============================
2025-06-11 23:11:56.525 [http-nio-8080-exec-3] INFO  o.a.c.core.ContainerBase.[Tomcat].[localhost].[/] - Initializing Spring DispatcherServlet 'dispatcherServlet'
2025-06-11 23:11:56.529 [http-nio-8080-exec-3] INFO  org.springframework.web.servlet.DispatcherServlet - Initializing Servlet 'dispatcherServlet'
2025-06-11 23:11:56.537 [http-nio-8080-exec-3] INFO  org.springframework.web.servlet.DispatcherServlet - Completed initialization in 8 ms
2025-06-11 23:11:57.367 [http-nio-8080-exec-3] INFO  handle.com.xichen.tourism.MyMetaObjectHandler - 公共字段自动填充[insert]...
2025-06-11 23:12:32.791 [http-nio-8080-exec-39] INFO  handle.com.xichen.tourism.MyMetaObjectHandler - 公共字段自动填充[update]...
2025-06-11 23:12:40.296 [http-nio-8080-exec-44] INFO  handle.com.xichen.tourism.MyMetaObjectHandler - 公共字段自动填充[update]...
2025-06-11 23:13:13.059 [http-nio-8080-exec-52] INFO  handle.com.xichen.tourism.MyMetaObjectHandler - 公共字段自动填充[update]...
2025-06-11 23:13:25.208 [http-nio-8080-exec-54] INFO  handle.com.xichen.tourism.MyMetaObjectHandler - 公共字段自动填充[update]...
