2025-06-13 00:00:06.881 [Thread-5] INFO  o.s.scheduling.concurrent.ThreadPoolTaskExecutor - Shutting down ExecutorService 'applicationTaskExecutor'
2025-06-13 00:00:06.885 [Thread-5] INFO  com.alibaba.druid.pool.DruidDataSource - {dataSource-1} closing ...
2025-06-13 00:00:06.891 [Thread-5] INFO  com.alibaba.druid.pool.DruidDataSource - {dataSource-1} closed
2025-06-13 00:00:07.103 [restartedMain] INFO  com.xichen.tourism.BackendApplication - Starting BackendApplication using Java 18.0.2.1 on LAPTOP-QDS31QG8 with PID 37136 (D:\tourism\tourism-backend\target\classes started by user in D:\tourism\tourism-backend)
2025-06-13 00:00:07.103 [restartedMain] INFO  com.xichen.tourism.BackendApplication - The following profiles are active: dev
2025-06-13 00:00:07.230 [restartedMain] INFO  o.s.d.r.config.RepositoryConfigurationDelegate - Multiple Spring Data modules found, entering strict repository configuration mode!
2025-06-13 00:00:07.230 [restartedMain] INFO  o.s.d.r.config.RepositoryConfigurationDelegate - Bootstrapping Spring Data Redis repositories in DEFAULT mode.
2025-06-13 00:00:07.238 [restartedMain] INFO  o.s.d.r.config.RepositoryConfigurationDelegate - Finished Spring Data repository scanning in 8 ms. Found 0 Redis repository interfaces.
2025-06-13 00:00:07.329 [restartedMain] INFO  o.s.boot.web.embedded.tomcat.TomcatWebServer - Tomcat initialized with port(s): 8080 (http)
2025-06-13 00:00:07.330 [restartedMain] INFO  org.apache.coyote.http11.Http11NioProtocol - Initializing ProtocolHandler ["http-nio-8080"]
2025-06-13 00:00:07.330 [restartedMain] INFO  org.apache.catalina.core.StandardService - Starting service [Tomcat]
2025-06-13 00:00:07.330 [restartedMain] INFO  org.apache.catalina.core.StandardEngine - Starting Servlet engine: [Apache Tomcat/9.0.41]
2025-06-13 00:00:07.361 [restartedMain] INFO  o.a.c.core.ContainerBase.[Tomcat].[localhost].[/] - Initializing Spring embedded WebApplicationContext
2025-06-13 00:00:07.361 [restartedMain] INFO  o.s.b.w.s.c.ServletWebServerApplicationContext - Root WebApplicationContext: initialization completed in 256 ms
2025-06-13 00:00:07.423 [restartedMain] INFO  c.a.d.s.b.a.DruidDataSourceAutoConfigure - Init DruidDataSource
2025-06-13 00:00:07.560 [restartedMain] INFO  com.alibaba.druid.pool.DruidDataSource - {dataSource-2} inited
2025-06-13 00:00:07.820 [restartedMain] INFO  o.s.scheduling.concurrent.ThreadPoolTaskExecutor - Initializing ExecutorService 'applicationTaskExecutor'
2025-06-13 00:00:07.867 [restartedMain] INFO  o.s.b.d.autoconfigure.OptionalLiveReloadServer - LiveReload server is running on port 35729
2025-06-13 00:00:07.883 [restartedMain] INFO  org.apache.coyote.http11.Http11NioProtocol - Starting ProtocolHandler ["http-nio-8080"]
2025-06-13 00:00:07.899 [restartedMain] INFO  o.s.boot.web.embedded.tomcat.TomcatWebServer - Tomcat started on port(s): 8080 (http) with context path ''
2025-06-13 00:00:07.902 [restartedMain] INFO  com.xichen.tourism.BackendApplication - Started BackendApplication in 0.835 seconds (JVM running for 589.965)
2025-06-13 00:00:07.903 [restartedMain] INFO  o.s.b.d.a.ConditionEvaluationDeltaLoggingListener - Condition evaluation unchanged
2025-06-13 00:00:07.904 [restartedMain] INFO  com.xichen.tourism.BackendApplication - =====================项目后端启动成功============================
2025-06-13 00:00:09.347 [Thread-8] INFO  o.s.scheduling.concurrent.ThreadPoolTaskExecutor - Shutting down ExecutorService 'applicationTaskExecutor'
2025-06-13 00:00:09.348 [Thread-8] INFO  com.alibaba.druid.pool.DruidDataSource - {dataSource-2} closing ...
2025-06-13 00:00:09.352 [Thread-8] INFO  com.alibaba.druid.pool.DruidDataSource - {dataSource-2} closed
2025-06-13 00:00:09.405 [restartedMain] INFO  com.xichen.tourism.BackendApplication - Starting BackendApplication using Java 18.0.2.1 on LAPTOP-QDS31QG8 with PID 37136 (D:\tourism\tourism-backend\target\classes started by user in D:\tourism\tourism-backend)
2025-06-13 00:00:09.405 [restartedMain] INFO  com.xichen.tourism.BackendApplication - The following profiles are active: dev
2025-06-13 00:00:09.503 [restartedMain] INFO  o.s.d.r.config.RepositoryConfigurationDelegate - Multiple Spring Data modules found, entering strict repository configuration mode!
2025-06-13 00:00:09.503 [restartedMain] INFO  o.s.d.r.config.RepositoryConfigurationDelegate - Bootstrapping Spring Data Redis repositories in DEFAULT mode.
2025-06-13 00:00:09.513 [restartedMain] INFO  o.s.d.r.config.RepositoryConfigurationDelegate - Finished Spring Data repository scanning in 8 ms. Found 0 Redis repository interfaces.
2025-06-13 00:00:09.580 [restartedMain] INFO  o.s.boot.web.embedded.tomcat.TomcatWebServer - Tomcat initialized with port(s): 8080 (http)
2025-06-13 00:00:09.581 [restartedMain] INFO  org.apache.coyote.http11.Http11NioProtocol - Initializing ProtocolHandler ["http-nio-8080"]
2025-06-13 00:00:09.581 [restartedMain] INFO  org.apache.catalina.core.StandardService - Starting service [Tomcat]
2025-06-13 00:00:09.581 [restartedMain] INFO  org.apache.catalina.core.StandardEngine - Starting Servlet engine: [Apache Tomcat/9.0.41]
2025-06-13 00:00:09.610 [restartedMain] INFO  o.a.c.core.ContainerBase.[Tomcat].[localhost].[/] - Initializing Spring embedded WebApplicationContext
2025-06-13 00:00:09.610 [restartedMain] INFO  o.s.b.w.s.c.ServletWebServerApplicationContext - Root WebApplicationContext: initialization completed in 204 ms
2025-06-13 00:00:09.634 [restartedMain] INFO  c.a.d.s.b.a.DruidDataSourceAutoConfigure - Init DruidDataSource
2025-06-13 00:00:09.767 [restartedMain] INFO  com.alibaba.druid.pool.DruidDataSource - {dataSource-3} inited
2025-06-13 00:00:09.972 [restartedMain] INFO  o.s.scheduling.concurrent.ThreadPoolTaskExecutor - Initializing ExecutorService 'applicationTaskExecutor'
2025-06-13 00:00:10.006 [restartedMain] INFO  o.s.b.d.autoconfigure.OptionalLiveReloadServer - LiveReload server is running on port 35729
2025-06-13 00:00:10.020 [restartedMain] INFO  org.apache.coyote.http11.Http11NioProtocol - Starting ProtocolHandler ["http-nio-8080"]
2025-06-13 00:00:10.036 [restartedMain] INFO  o.s.boot.web.embedded.tomcat.TomcatWebServer - Tomcat started on port(s): 8080 (http) with context path ''
2025-06-13 00:00:10.040 [restartedMain] INFO  com.xichen.tourism.BackendApplication - Started BackendApplication in 0.653 seconds (JVM running for 592.103)
2025-06-13 00:00:10.041 [restartedMain] INFO  o.s.b.d.a.ConditionEvaluationDeltaLoggingListener - Condition evaluation unchanged
2025-06-13 00:00:10.041 [restartedMain] INFO  com.xichen.tourism.BackendApplication - =====================项目后端启动成功============================
2025-06-13 00:00:34.315 [http-nio-8080-exec-6] INFO  o.a.c.core.ContainerBase.[Tomcat].[localhost].[/] - Initializing Spring DispatcherServlet 'dispatcherServlet'
2025-06-13 00:00:34.316 [http-nio-8080-exec-6] INFO  org.springframework.web.servlet.DispatcherServlet - Initializing Servlet 'dispatcherServlet'
2025-06-13 00:00:34.317 [http-nio-8080-exec-6] INFO  org.springframework.web.servlet.DispatcherServlet - Completed initialization in 1 ms
2025-06-13 00:01:10.438 [SpringContextShutdownHook] INFO  o.s.scheduling.concurrent.ThreadPoolTaskExecutor - Shutting down ExecutorService 'applicationTaskExecutor'
2025-06-13 00:01:10.438 [SpringContextShutdownHook] INFO  com.alibaba.druid.pool.DruidDataSource - {dataSource-3} closing ...
2025-06-13 00:01:10.441 [SpringContextShutdownHook] INFO  com.alibaba.druid.pool.DruidDataSource - {dataSource-3} closed
2025-06-13 00:01:12.466 [restartedMain] INFO  com.xichen.tourism.BackendApplication - Starting BackendApplication using Java 18.0.2.1 on LAPTOP-QDS31QG8 with PID 13000 (D:\tourism\tourism-backend\target\classes started by user in D:\tourism\tourism-backend)
2025-06-13 00:01:12.468 [restartedMain] INFO  com.xichen.tourism.BackendApplication - The following profiles are active: dev
2025-06-13 00:01:12.500 [restartedMain] INFO  o.s.b.d.env.DevToolsPropertyDefaultsPostProcessor - Devtools property defaults active! Set 'spring.devtools.add-properties' to 'false' to disable
2025-06-13 00:01:12.500 [restartedMain] INFO  o.s.b.d.env.DevToolsPropertyDefaultsPostProcessor - For additional web related logging consider setting the 'logging.level.web' property to 'DEBUG'
2025-06-13 00:01:12.931 [restartedMain] INFO  o.s.d.r.config.RepositoryConfigurationDelegate - Multiple Spring Data modules found, entering strict repository configuration mode!
2025-06-13 00:01:12.933 [restartedMain] INFO  o.s.d.r.config.RepositoryConfigurationDelegate - Bootstrapping Spring Data Redis repositories in DEFAULT mode.
2025-06-13 00:01:12.949 [restartedMain] INFO  o.s.d.r.config.RepositoryConfigurationDelegate - Finished Spring Data repository scanning in 10 ms. Found 0 Redis repository interfaces.
2025-06-13 00:01:13.338 [restartedMain] INFO  o.s.boot.web.embedded.tomcat.TomcatWebServer - Tomcat initialized with port(s): 8080 (http)
2025-06-13 00:01:13.344 [restartedMain] INFO  org.apache.coyote.http11.Http11NioProtocol - Initializing ProtocolHandler ["http-nio-8080"]
2025-06-13 00:01:13.344 [restartedMain] INFO  org.apache.catalina.core.StandardService - Starting service [Tomcat]
2025-06-13 00:01:13.344 [restartedMain] INFO  org.apache.catalina.core.StandardEngine - Starting Servlet engine: [Apache Tomcat/9.0.41]
2025-06-13 00:01:13.414 [restartedMain] INFO  o.a.c.core.ContainerBase.[Tomcat].[localhost].[/] - Initializing Spring embedded WebApplicationContext
2025-06-13 00:01:13.414 [restartedMain] INFO  o.s.b.w.s.c.ServletWebServerApplicationContext - Root WebApplicationContext: initialization completed in 913 ms
2025-06-13 00:01:13.641 [restartedMain] INFO  c.a.d.s.b.a.DruidDataSourceAutoConfigure - Init DruidDataSource
2025-06-13 00:01:14.120 [restartedMain] INFO  com.alibaba.druid.pool.DruidDataSource - {dataSource-1} inited
2025-06-13 00:01:14.624 [restartedMain] INFO  o.s.scheduling.concurrent.ThreadPoolTaskExecutor - Initializing ExecutorService 'applicationTaskExecutor'
2025-06-13 00:01:14.780 [restartedMain] INFO  o.s.b.d.autoconfigure.OptionalLiveReloadServer - LiveReload server is running on port 35729
2025-06-13 00:01:14.803 [restartedMain] INFO  org.apache.coyote.http11.Http11NioProtocol - Starting ProtocolHandler ["http-nio-8080"]
2025-06-13 00:01:14.822 [restartedMain] INFO  o.s.boot.web.embedded.tomcat.TomcatWebServer - Tomcat started on port(s): 8080 (http) with context path ''
2025-06-13 00:01:14.828 [restartedMain] INFO  com.xichen.tourism.BackendApplication - Started BackendApplication in 2.668 seconds (JVM running for 3.229)
2025-06-13 00:01:14.830 [restartedMain] INFO  com.xichen.tourism.BackendApplication - =====================项目后端启动成功============================
2025-06-13 00:01:22.603 [http-nio-8080-exec-1] INFO  o.a.c.core.ContainerBase.[Tomcat].[localhost].[/] - Initializing Spring DispatcherServlet 'dispatcherServlet'
2025-06-13 00:01:22.605 [http-nio-8080-exec-1] INFO  org.springframework.web.servlet.DispatcherServlet - Initializing Servlet 'dispatcherServlet'
2025-06-13 00:01:22.606 [http-nio-8080-exec-1] INFO  org.springframework.web.servlet.DispatcherServlet - Completed initialization in 0 ms
2025-06-13 00:04:07.428 [SpringContextShutdownHook] INFO  o.s.scheduling.concurrent.ThreadPoolTaskExecutor - Shutting down ExecutorService 'applicationTaskExecutor'
2025-06-13 00:04:07.429 [SpringContextShutdownHook] INFO  com.alibaba.druid.pool.DruidDataSource - {dataSource-1} closing ...
2025-06-13 00:04:07.435 [SpringContextShutdownHook] INFO  com.alibaba.druid.pool.DruidDataSource - {dataSource-1} closed
2025-06-13 00:04:10.761 [restartedMain] INFO  com.xichen.tourism.BackendApplication - Starting BackendApplication using Java 18.0.2.1 on LAPTOP-QDS31QG8 with PID 19244 (D:\tourism\tourism-backend\target\classes started by user in D:\tourism\tourism-backend)
2025-06-13 00:04:10.763 [restartedMain] INFO  com.xichen.tourism.BackendApplication - The following profiles are active: dev
2025-06-13 00:04:10.795 [restartedMain] INFO  o.s.b.d.env.DevToolsPropertyDefaultsPostProcessor - Devtools property defaults active! Set 'spring.devtools.add-properties' to 'false' to disable
2025-06-13 00:04:10.795 [restartedMain] INFO  o.s.b.d.env.DevToolsPropertyDefaultsPostProcessor - For additional web related logging consider setting the 'logging.level.web' property to 'DEBUG'
2025-06-13 00:04:11.189 [restartedMain] INFO  o.s.d.r.config.RepositoryConfigurationDelegate - Multiple Spring Data modules found, entering strict repository configuration mode!
2025-06-13 00:04:11.190 [restartedMain] INFO  o.s.d.r.config.RepositoryConfigurationDelegate - Bootstrapping Spring Data Redis repositories in DEFAULT mode.
2025-06-13 00:04:11.208 [restartedMain] INFO  o.s.d.r.config.RepositoryConfigurationDelegate - Finished Spring Data repository scanning in 11 ms. Found 0 Redis repository interfaces.
2025-06-13 00:04:11.581 [restartedMain] INFO  o.s.boot.web.embedded.tomcat.TomcatWebServer - Tomcat initialized with port(s): 8080 (http)
2025-06-13 00:04:11.588 [restartedMain] INFO  org.apache.coyote.http11.Http11NioProtocol - Initializing ProtocolHandler ["http-nio-8080"]
2025-06-13 00:04:11.588 [restartedMain] INFO  org.apache.catalina.core.StandardService - Starting service [Tomcat]
2025-06-13 00:04:11.588 [restartedMain] INFO  org.apache.catalina.core.StandardEngine - Starting Servlet engine: [Apache Tomcat/9.0.41]
2025-06-13 00:04:11.655 [restartedMain] INFO  o.a.c.core.ContainerBase.[Tomcat].[localhost].[/] - Initializing Spring embedded WebApplicationContext
2025-06-13 00:04:11.655 [restartedMain] INFO  o.s.b.w.s.c.ServletWebServerApplicationContext - Root WebApplicationContext: initialization completed in 859 ms
2025-06-13 00:04:11.868 [restartedMain] INFO  c.a.d.s.b.a.DruidDataSourceAutoConfigure - Init DruidDataSource
2025-06-13 00:04:12.352 [restartedMain] INFO  com.alibaba.druid.pool.DruidDataSource - {dataSource-1} inited
2025-06-13 00:04:12.852 [restartedMain] INFO  o.s.scheduling.concurrent.ThreadPoolTaskExecutor - Initializing ExecutorService 'applicationTaskExecutor'
2025-06-13 00:04:12.999 [restartedMain] INFO  o.s.b.d.autoconfigure.OptionalLiveReloadServer - LiveReload server is running on port 35729
2025-06-13 00:04:13.020 [restartedMain] INFO  org.apache.coyote.http11.Http11NioProtocol - Starting ProtocolHandler ["http-nio-8080"]
2025-06-13 00:04:13.039 [restartedMain] INFO  o.s.boot.web.embedded.tomcat.TomcatWebServer - Tomcat started on port(s): 8080 (http) with context path ''
2025-06-13 00:04:13.045 [restartedMain] INFO  com.xichen.tourism.BackendApplication - Started BackendApplication in 2.554 seconds (JVM running for 2.998)
2025-06-13 00:04:13.046 [restartedMain] INFO  com.xichen.tourism.BackendApplication - =====================项目后端启动成功============================
2025-06-13 00:04:18.847 [http-nio-8080-exec-1] INFO  o.a.c.core.ContainerBase.[Tomcat].[localhost].[/] - Initializing Spring DispatcherServlet 'dispatcherServlet'
2025-06-13 00:04:18.848 [http-nio-8080-exec-1] INFO  org.springframework.web.servlet.DispatcherServlet - Initializing Servlet 'dispatcherServlet'
2025-06-13 00:04:18.851 [http-nio-8080-exec-1] INFO  org.springframework.web.servlet.DispatcherServlet - Completed initialization in 3 ms
2025-06-13 00:05:12.192 [Thread-5] INFO  o.s.scheduling.concurrent.ThreadPoolTaskExecutor - Shutting down ExecutorService 'applicationTaskExecutor'
2025-06-13 00:05:12.193 [Thread-5] INFO  com.alibaba.druid.pool.DruidDataSource - {dataSource-1} closing ...
2025-06-13 00:05:12.196 [Thread-5] INFO  com.alibaba.druid.pool.DruidDataSource - {dataSource-1} closed
2025-06-13 00:05:12.366 [restartedMain] INFO  com.xichen.tourism.BackendApplication - Starting BackendApplication using Java 18.0.2.1 on LAPTOP-QDS31QG8 with PID 19244 (D:\tourism\tourism-backend\target\classes started by user in D:\tourism\tourism-backend)
2025-06-13 00:05:12.366 [restartedMain] INFO  com.xichen.tourism.BackendApplication - The following profiles are active: dev
2025-06-13 00:05:12.484 [restartedMain] INFO  o.s.d.r.config.RepositoryConfigurationDelegate - Multiple Spring Data modules found, entering strict repository configuration mode!
2025-06-13 00:05:12.484 [restartedMain] INFO  o.s.d.r.config.RepositoryConfigurationDelegate - Bootstrapping Spring Data Redis repositories in DEFAULT mode.
2025-06-13 00:05:12.493 [restartedMain] INFO  o.s.d.r.config.RepositoryConfigurationDelegate - Finished Spring Data repository scanning in 7 ms. Found 0 Redis repository interfaces.
2025-06-13 00:05:14.021 [restartedMain] INFO  o.s.b.d.env.DevToolsPropertyDefaultsPostProcessor - Devtools property defaults active! Set 'spring.devtools.add-properties' to 'false' to disable
2025-06-13 00:05:14.023 [restartedMain] INFO  o.s.b.d.env.DevToolsPropertyDefaultsPostProcessor - For additional web related logging consider setting the 'logging.level.web' property to 'DEBUG'
2025-06-13 00:05:14.030 [restartedMain] INFO  com.xichen.tourism.BackendApplication - Starting BackendApplication using Java 18.0.2.1 on LAPTOP-QDS31QG8 with PID 19244 (D:\tourism\tourism-backend\target\classes started by user in D:\tourism\tourism-backend)
2025-06-13 00:05:14.030 [restartedMain] INFO  com.xichen.tourism.BackendApplication - The following profiles are active: dev
2025-06-13 00:05:14.277 [restartedMain] INFO  o.s.d.r.config.RepositoryConfigurationDelegate - Multiple Spring Data modules found, entering strict repository configuration mode!
2025-06-13 00:05:14.277 [restartedMain] INFO  o.s.d.r.config.RepositoryConfigurationDelegate - Bootstrapping Spring Data Redis repositories in DEFAULT mode.
2025-06-13 00:05:14.295 [restartedMain] INFO  o.s.d.r.config.RepositoryConfigurationDelegate - Finished Spring Data repository scanning in 17 ms. Found 0 Redis repository interfaces.
2025-06-13 00:05:14.396 [restartedMain] INFO  o.s.boot.web.embedded.tomcat.TomcatWebServer - Tomcat initialized with port(s): 8080 (http)
2025-06-13 00:05:14.397 [restartedMain] INFO  org.apache.coyote.http11.Http11NioProtocol - Initializing ProtocolHandler ["http-nio-8080"]
2025-06-13 00:05:14.397 [restartedMain] INFO  org.apache.catalina.core.StandardService - Starting service [Tomcat]
2025-06-13 00:05:14.397 [restartedMain] INFO  org.apache.catalina.core.StandardEngine - Starting Servlet engine: [Apache Tomcat/9.0.41]
2025-06-13 00:05:14.425 [restartedMain] INFO  o.a.c.core.ContainerBase.[Tomcat].[localhost].[/] - Initializing Spring embedded WebApplicationContext
2025-06-13 00:05:14.425 [restartedMain] INFO  o.s.b.w.s.c.ServletWebServerApplicationContext - Root WebApplicationContext: initialization completed in 394 ms
2025-06-13 00:05:14.460 [restartedMain] INFO  c.a.d.s.b.a.DruidDataSourceAutoConfigure - Init DruidDataSource
2025-06-13 00:05:14.582 [restartedMain] INFO  com.alibaba.druid.pool.DruidDataSource - {dataSource-2} inited
2025-06-13 00:05:14.820 [restartedMain] INFO  o.s.scheduling.concurrent.ThreadPoolTaskExecutor - Initializing ExecutorService 'applicationTaskExecutor'
2025-06-13 00:05:14.857 [restartedMain] INFO  o.s.b.d.autoconfigure.OptionalLiveReloadServer - LiveReload server is running on port 35729
2025-06-13 00:05:14.871 [restartedMain] INFO  org.apache.coyote.http11.Http11NioProtocol - Starting ProtocolHandler ["http-nio-8080"]
2025-06-13 00:05:14.877 [restartedMain] INFO  o.s.boot.web.embedded.tomcat.TomcatWebServer - Tomcat started on port(s): 8080 (http) with context path ''
2025-06-13 00:05:14.879 [restartedMain] INFO  com.xichen.tourism.BackendApplication - Started BackendApplication in 0.877 seconds (JVM running for 64.833)
2025-06-13 00:05:14.880 [restartedMain] INFO  o.s.b.d.a.ConditionEvaluationDeltaLoggingListener - Condition evaluation unchanged
2025-06-13 00:05:14.881 [restartedMain] INFO  com.xichen.tourism.BackendApplication - =====================项目后端启动成功============================
2025-06-13 00:05:28.833 [Thread-8] INFO  o.s.scheduling.concurrent.ThreadPoolTaskExecutor - Shutting down ExecutorService 'applicationTaskExecutor'
2025-06-13 00:05:28.833 [Thread-8] INFO  com.alibaba.druid.pool.DruidDataSource - {dataSource-2} closing ...
2025-06-13 00:05:28.836 [Thread-8] INFO  com.alibaba.druid.pool.DruidDataSource - {dataSource-2} closed
2025-06-13 00:05:28.886 [restartedMain] INFO  com.xichen.tourism.BackendApplication - Starting BackendApplication using Java 18.0.2.1 on LAPTOP-QDS31QG8 with PID 19244 (D:\tourism\tourism-backend\target\classes started by user in D:\tourism\tourism-backend)
2025-06-13 00:05:28.886 [restartedMain] INFO  com.xichen.tourism.BackendApplication - The following profiles are active: dev
2025-06-13 00:05:28.981 [restartedMain] INFO  o.s.d.r.config.RepositoryConfigurationDelegate - Multiple Spring Data modules found, entering strict repository configuration mode!
2025-06-13 00:05:28.981 [restartedMain] INFO  o.s.d.r.config.RepositoryConfigurationDelegate - Bootstrapping Spring Data Redis repositories in DEFAULT mode.
2025-06-13 00:05:28.988 [restartedMain] INFO  o.s.d.r.config.RepositoryConfigurationDelegate - Finished Spring Data repository scanning in 6 ms. Found 0 Redis repository interfaces.
2025-06-13 00:05:29.037 [restartedMain] INFO  o.s.boot.web.embedded.tomcat.TomcatWebServer - Tomcat initialized with port(s): 8080 (http)
2025-06-13 00:05:29.038 [restartedMain] INFO  org.apache.coyote.http11.Http11NioProtocol - Initializing ProtocolHandler ["http-nio-8080"]
2025-06-13 00:05:29.038 [restartedMain] INFO  org.apache.catalina.core.StandardService - Starting service [Tomcat]
2025-06-13 00:05:29.038 [restartedMain] INFO  org.apache.catalina.core.StandardEngine - Starting Servlet engine: [Apache Tomcat/9.0.41]
2025-06-13 00:05:29.061 [restartedMain] INFO  o.a.c.core.ContainerBase.[Tomcat].[localhost].[/] - Initializing Spring embedded WebApplicationContext
2025-06-13 00:05:29.061 [restartedMain] INFO  o.s.b.w.s.c.ServletWebServerApplicationContext - Root WebApplicationContext: initialization completed in 174 ms
2025-06-13 00:05:29.082 [restartedMain] INFO  c.a.d.s.b.a.DruidDataSourceAutoConfigure - Init DruidDataSource
2025-06-13 00:05:29.186 [restartedMain] INFO  com.alibaba.druid.pool.DruidDataSource - {dataSource-3} inited
2025-06-13 00:05:29.400 [restartedMain] INFO  o.s.scheduling.concurrent.ThreadPoolTaskExecutor - Initializing ExecutorService 'applicationTaskExecutor'
2025-06-13 00:05:29.431 [restartedMain] INFO  o.s.b.d.autoconfigure.OptionalLiveReloadServer - LiveReload server is running on port 35729
2025-06-13 00:05:29.449 [restartedMain] INFO  org.apache.coyote.http11.Http11NioProtocol - Starting ProtocolHandler ["http-nio-8080"]
2025-06-13 00:05:29.454 [restartedMain] INFO  o.s.boot.web.embedded.tomcat.TomcatWebServer - Tomcat started on port(s): 8080 (http) with context path ''
2025-06-13 00:05:29.456 [restartedMain] INFO  com.xichen.tourism.BackendApplication - Started BackendApplication in 0.588 seconds (JVM running for 79.41)
2025-06-13 00:05:29.457 [restartedMain] INFO  o.s.b.d.a.ConditionEvaluationDeltaLoggingListener - Condition evaluation unchanged
2025-06-13 00:05:29.457 [restartedMain] INFO  com.xichen.tourism.BackendApplication - =====================项目后端启动成功============================
2025-06-13 00:05:30.917 [Thread-16] INFO  o.s.scheduling.concurrent.ThreadPoolTaskExecutor - Shutting down ExecutorService 'applicationTaskExecutor'
2025-06-13 00:05:30.917 [Thread-16] INFO  com.alibaba.druid.pool.DruidDataSource - {dataSource-3} closing ...
2025-06-13 00:05:30.919 [Thread-16] INFO  com.alibaba.druid.pool.DruidDataSource - {dataSource-3} closed
2025-06-13 00:05:30.967 [restartedMain] INFO  com.xichen.tourism.BackendApplication - Starting BackendApplication using Java 18.0.2.1 on LAPTOP-QDS31QG8 with PID 19244 (D:\tourism\tourism-backend\target\classes started by user in D:\tourism\tourism-backend)
2025-06-13 00:05:30.967 [restartedMain] INFO  com.xichen.tourism.BackendApplication - The following profiles are active: dev
2025-06-13 00:05:31.047 [restartedMain] INFO  o.s.d.r.config.RepositoryConfigurationDelegate - Multiple Spring Data modules found, entering strict repository configuration mode!
2025-06-13 00:05:31.047 [restartedMain] INFO  o.s.d.r.config.RepositoryConfigurationDelegate - Bootstrapping Spring Data Redis repositories in DEFAULT mode.
2025-06-13 00:05:31.053 [restartedMain] INFO  o.s.d.r.config.RepositoryConfigurationDelegate - Finished Spring Data repository scanning in 5 ms. Found 0 Redis repository interfaces.
2025-06-13 00:05:31.104 [restartedMain] INFO  o.s.boot.web.embedded.tomcat.TomcatWebServer - Tomcat initialized with port(s): 8080 (http)
2025-06-13 00:05:31.104 [restartedMain] INFO  org.apache.coyote.http11.Http11NioProtocol - Initializing ProtocolHandler ["http-nio-8080"]
2025-06-13 00:05:31.105 [restartedMain] INFO  org.apache.catalina.core.StandardService - Starting service [Tomcat]
2025-06-13 00:05:31.105 [restartedMain] INFO  org.apache.catalina.core.StandardEngine - Starting Servlet engine: [Apache Tomcat/9.0.41]
2025-06-13 00:05:31.127 [restartedMain] INFO  o.a.c.core.ContainerBase.[Tomcat].[localhost].[/] - Initializing Spring embedded WebApplicationContext
2025-06-13 00:05:31.127 [restartedMain] INFO  o.s.b.w.s.c.ServletWebServerApplicationContext - Root WebApplicationContext: initialization completed in 159 ms
2025-06-13 00:05:31.145 [restartedMain] INFO  c.a.d.s.b.a.DruidDataSourceAutoConfigure - Init DruidDataSource
2025-06-13 00:05:31.239 [restartedMain] INFO  com.alibaba.druid.pool.DruidDataSource - {dataSource-4} inited
2025-06-13 00:05:31.412 [restartedMain] INFO  o.s.scheduling.concurrent.ThreadPoolTaskExecutor - Initializing ExecutorService 'applicationTaskExecutor'
2025-06-13 00:05:31.442 [restartedMain] INFO  o.s.b.d.autoconfigure.OptionalLiveReloadServer - LiveReload server is running on port 35729
2025-06-13 00:05:31.456 [restartedMain] INFO  org.apache.coyote.http11.Http11NioProtocol - Starting ProtocolHandler ["http-nio-8080"]
2025-06-13 00:05:31.464 [restartedMain] INFO  o.s.boot.web.embedded.tomcat.TomcatWebServer - Tomcat started on port(s): 8080 (http) with context path ''
2025-06-13 00:05:31.467 [restartedMain] INFO  com.xichen.tourism.BackendApplication - Started BackendApplication in 0.519 seconds (JVM running for 81.42)
2025-06-13 00:05:31.467 [restartedMain] INFO  o.s.b.d.a.ConditionEvaluationDeltaLoggingListener - Condition evaluation unchanged
2025-06-13 00:05:31.468 [restartedMain] INFO  com.xichen.tourism.BackendApplication - =====================项目后端启动成功============================
2025-06-13 00:05:53.066 [SpringContextShutdownHook] INFO  o.s.scheduling.concurrent.ThreadPoolTaskExecutor - Shutting down ExecutorService 'applicationTaskExecutor'
2025-06-13 00:05:53.066 [SpringContextShutdownHook] INFO  com.alibaba.druid.pool.DruidDataSource - {dataSource-4} closing ...
2025-06-13 00:05:53.068 [SpringContextShutdownHook] INFO  com.alibaba.druid.pool.DruidDataSource - {dataSource-4} closed
2025-06-13 00:06:02.854 [restartedMain] INFO  com.xichen.tourism.BackendApplication - Starting BackendApplication using Java 18.0.2.1 on LAPTOP-QDS31QG8 with PID 50720 (D:\tourism\tourism-backend\target\classes started by user in D:\tourism\tourism-backend)
2025-06-13 00:06:02.856 [restartedMain] INFO  com.xichen.tourism.BackendApplication - The following profiles are active: dev
2025-06-13 00:06:02.893 [restartedMain] INFO  o.s.b.d.env.DevToolsPropertyDefaultsPostProcessor - Devtools property defaults active! Set 'spring.devtools.add-properties' to 'false' to disable
2025-06-13 00:06:02.893 [restartedMain] INFO  o.s.b.d.env.DevToolsPropertyDefaultsPostProcessor - For additional web related logging consider setting the 'logging.level.web' property to 'DEBUG'
2025-06-13 00:06:03.309 [restartedMain] INFO  o.s.d.r.config.RepositoryConfigurationDelegate - Multiple Spring Data modules found, entering strict repository configuration mode!
2025-06-13 00:06:03.310 [restartedMain] INFO  o.s.d.r.config.RepositoryConfigurationDelegate - Bootstrapping Spring Data Redis repositories in DEFAULT mode.
2025-06-13 00:06:03.329 [restartedMain] INFO  o.s.d.r.config.RepositoryConfigurationDelegate - Finished Spring Data repository scanning in 13 ms. Found 0 Redis repository interfaces.
2025-06-13 00:06:03.709 [restartedMain] INFO  o.s.boot.web.embedded.tomcat.TomcatWebServer - Tomcat initialized with port(s): 8080 (http)
2025-06-13 00:06:03.714 [restartedMain] INFO  org.apache.coyote.http11.Http11NioProtocol - Initializing ProtocolHandler ["http-nio-8080"]
2025-06-13 00:06:03.715 [restartedMain] INFO  org.apache.catalina.core.StandardService - Starting service [Tomcat]
2025-06-13 00:06:03.715 [restartedMain] INFO  org.apache.catalina.core.StandardEngine - Starting Servlet engine: [Apache Tomcat/9.0.41]
2025-06-13 00:06:03.780 [restartedMain] INFO  o.a.c.core.ContainerBase.[Tomcat].[localhost].[/] - Initializing Spring embedded WebApplicationContext
2025-06-13 00:06:03.780 [restartedMain] INFO  o.s.b.w.s.c.ServletWebServerApplicationContext - Root WebApplicationContext: initialization completed in 887 ms
2025-06-13 00:06:04.034 [restartedMain] INFO  c.a.d.s.b.a.DruidDataSourceAutoConfigure - Init DruidDataSource
2025-06-13 00:06:04.426 [restartedMain] INFO  com.alibaba.druid.pool.DruidDataSource - {dataSource-1} inited
2025-06-13 00:06:04.920 [restartedMain] INFO  o.s.scheduling.concurrent.ThreadPoolTaskExecutor - Initializing ExecutorService 'applicationTaskExecutor'
2025-06-13 00:06:05.087 [restartedMain] INFO  o.s.b.d.autoconfigure.OptionalLiveReloadServer - LiveReload server is running on port 35729
2025-06-13 00:06:05.112 [restartedMain] INFO  org.apache.coyote.http11.Http11NioProtocol - Starting ProtocolHandler ["http-nio-8080"]
2025-06-13 00:06:05.131 [restartedMain] INFO  o.s.boot.web.embedded.tomcat.TomcatWebServer - Tomcat started on port(s): 8080 (http) with context path ''
2025-06-13 00:06:05.137 [restartedMain] INFO  com.xichen.tourism.BackendApplication - Started BackendApplication in 2.565 seconds (JVM running for 3.017)
2025-06-13 00:06:05.139 [restartedMain] INFO  com.xichen.tourism.BackendApplication - =====================项目后端启动成功============================
2025-06-13 00:06:11.156 [http-nio-8080-exec-1] INFO  o.a.c.core.ContainerBase.[Tomcat].[localhost].[/] - Initializing Spring DispatcherServlet 'dispatcherServlet'
2025-06-13 00:06:11.156 [http-nio-8080-exec-1] INFO  org.springframework.web.servlet.DispatcherServlet - Initializing Servlet 'dispatcherServlet'
2025-06-13 00:06:11.160 [http-nio-8080-exec-1] INFO  org.springframework.web.servlet.DispatcherServlet - Completed initialization in 4 ms
2025-06-13 00:06:12.444 [http-nio-8080-exec-1] INFO  com.xichen.tourism.handle.MyMetaObjectHandler - 公共字段自动填充[insert]...
2025-06-13 00:06:32.489 [http-nio-8080-exec-21] INFO  com.xichen.tourism.handle.MyMetaObjectHandler - 公共字段自动填充[insert]...
2025-06-13 00:11:36.825 [Thread-5] INFO  o.s.scheduling.concurrent.ThreadPoolTaskExecutor - Shutting down ExecutorService 'applicationTaskExecutor'
2025-06-13 00:11:36.826 [Thread-5] INFO  com.alibaba.druid.pool.DruidDataSource - {dataSource-1} closing ...
2025-06-13 00:11:36.830 [Thread-5] INFO  com.alibaba.druid.pool.DruidDataSource - {dataSource-1} closed
2025-06-13 00:11:37.039 [restartedMain] INFO  com.xichen.tourism.BackendApplication - Starting BackendApplication using Java 18.0.2.1 on LAPTOP-QDS31QG8 with PID 50720 (D:\tourism\tourism-backend\target\classes started by user in D:\tourism\tourism-backend)
2025-06-13 00:11:37.040 [restartedMain] INFO  com.xichen.tourism.BackendApplication - The following profiles are active: dev
2025-06-13 00:11:37.165 [restartedMain] INFO  o.s.d.r.config.RepositoryConfigurationDelegate - Multiple Spring Data modules found, entering strict repository configuration mode!
2025-06-13 00:11:37.165 [restartedMain] INFO  o.s.d.r.config.RepositoryConfigurationDelegate - Bootstrapping Spring Data Redis repositories in DEFAULT mode.
2025-06-13 00:11:37.174 [restartedMain] INFO  o.s.d.r.config.RepositoryConfigurationDelegate - Finished Spring Data repository scanning in 7 ms. Found 0 Redis repository interfaces.
2025-06-13 00:11:37.247 [restartedMain] INFO  o.s.boot.web.embedded.tomcat.TomcatWebServer - Tomcat initialized with port(s): 8080 (http)
2025-06-13 00:11:37.247 [restartedMain] INFO  org.apache.coyote.http11.Http11NioProtocol - Initializing ProtocolHandler ["http-nio-8080"]
2025-06-13 00:11:37.247 [restartedMain] INFO  org.apache.catalina.core.StandardService - Starting service [Tomcat]
2025-06-13 00:11:37.248 [restartedMain] INFO  org.apache.catalina.core.StandardEngine - Starting Servlet engine: [Apache Tomcat/9.0.41]
2025-06-13 00:11:37.276 [restartedMain] INFO  o.a.c.core.ContainerBase.[Tomcat].[localhost].[/] - Initializing Spring embedded WebApplicationContext
2025-06-13 00:11:37.276 [restartedMain] INFO  o.s.b.w.s.c.ServletWebServerApplicationContext - Root WebApplicationContext: initialization completed in 233 ms
2025-06-13 00:11:37.308 [restartedMain] INFO  c.a.d.s.b.a.DruidDataSourceAutoConfigure - Init DruidDataSource
2025-06-13 00:11:37.419 [restartedMain] INFO  com.alibaba.druid.pool.DruidDataSource - {dataSource-2} inited
2025-06-13 00:11:37.671 [restartedMain] INFO  o.s.scheduling.concurrent.ThreadPoolTaskExecutor - Initializing ExecutorService 'applicationTaskExecutor'
2025-06-13 00:11:37.718 [restartedMain] INFO  o.s.b.d.autoconfigure.OptionalLiveReloadServer - LiveReload server is running on port 35729
2025-06-13 00:11:37.736 [restartedMain] INFO  org.apache.coyote.http11.Http11NioProtocol - Starting ProtocolHandler ["http-nio-8080"]
2025-06-13 00:11:37.741 [restartedMain] INFO  o.s.boot.web.embedded.tomcat.TomcatWebServer - Tomcat started on port(s): 8080 (http) with context path ''
2025-06-13 00:11:37.744 [restartedMain] INFO  com.xichen.tourism.BackendApplication - Started BackendApplication in 0.743 seconds (JVM running for 335.624)
2025-06-13 00:11:37.746 [restartedMain] INFO  o.s.b.d.a.ConditionEvaluationDeltaLoggingListener - Condition evaluation unchanged
2025-06-13 00:11:37.746 [restartedMain] INFO  com.xichen.tourism.BackendApplication - =====================项目后端启动成功============================
2025-06-13 00:11:38.590 [http-nio-8080-exec-6] INFO  o.a.c.core.ContainerBase.[Tomcat].[localhost].[/] - Initializing Spring DispatcherServlet 'dispatcherServlet'
2025-06-13 00:11:38.591 [http-nio-8080-exec-6] INFO  org.springframework.web.servlet.DispatcherServlet - Initializing Servlet 'dispatcherServlet'
2025-06-13 00:11:38.591 [http-nio-8080-exec-6] INFO  org.springframework.web.servlet.DispatcherServlet - Completed initialization in 0 ms
2025-06-13 00:11:39.207 [Thread-8] INFO  o.s.scheduling.concurrent.ThreadPoolTaskExecutor - Shutting down ExecutorService 'applicationTaskExecutor'
2025-06-13 00:11:39.207 [Thread-8] INFO  com.alibaba.druid.pool.DruidDataSource - {dataSource-2} closing ...
2025-06-13 00:11:39.209 [Thread-8] INFO  com.alibaba.druid.pool.DruidDataSource - {dataSource-2} closed
2025-06-13 00:11:39.375 [restartedMain] INFO  com.xichen.tourism.BackendApplication - Starting BackendApplication using Java 18.0.2.1 on LAPTOP-QDS31QG8 with PID 50720 (D:\tourism\tourism-backend\target\classes started by user in D:\tourism\tourism-backend)
2025-06-13 00:11:39.375 [restartedMain] INFO  com.xichen.tourism.BackendApplication - The following profiles are active: dev
2025-06-13 00:11:39.465 [restartedMain] INFO  o.s.d.r.config.RepositoryConfigurationDelegate - Multiple Spring Data modules found, entering strict repository configuration mode!
2025-06-13 00:11:39.465 [restartedMain] INFO  o.s.d.r.config.RepositoryConfigurationDelegate - Bootstrapping Spring Data Redis repositories in DEFAULT mode.
2025-06-13 00:11:39.471 [restartedMain] INFO  o.s.d.r.config.RepositoryConfigurationDelegate - Finished Spring Data repository scanning in 6 ms. Found 0 Redis repository interfaces.
2025-06-13 00:11:39.537 [restartedMain] INFO  o.s.boot.web.embedded.tomcat.TomcatWebServer - Tomcat initialized with port(s): 8080 (http)
2025-06-13 00:11:39.538 [restartedMain] INFO  org.apache.coyote.http11.Http11NioProtocol - Initializing ProtocolHandler ["http-nio-8080"]
2025-06-13 00:11:39.538 [restartedMain] INFO  org.apache.catalina.core.StandardService - Starting service [Tomcat]
2025-06-13 00:11:39.538 [restartedMain] INFO  org.apache.catalina.core.StandardEngine - Starting Servlet engine: [Apache Tomcat/9.0.41]
2025-06-13 00:11:39.561 [restartedMain] INFO  o.a.c.core.ContainerBase.[Tomcat].[localhost].[/] - Initializing Spring embedded WebApplicationContext
2025-06-13 00:11:39.561 [restartedMain] INFO  o.s.b.w.s.c.ServletWebServerApplicationContext - Root WebApplicationContext: initialization completed in 185 ms
2025-06-13 00:11:39.583 [restartedMain] INFO  c.a.d.s.b.a.DruidDataSourceAutoConfigure - Init DruidDataSource
2025-06-13 00:11:39.716 [restartedMain] INFO  com.alibaba.druid.pool.DruidDataSource - {dataSource-3} inited
2025-06-13 00:11:40.095 [restartedMain] INFO  o.s.scheduling.concurrent.ThreadPoolTaskExecutor - Initializing ExecutorService 'applicationTaskExecutor'
2025-06-13 00:11:40.256 [restartedMain] INFO  o.s.b.d.autoconfigure.OptionalLiveReloadServer - LiveReload server is running on port 35729
2025-06-13 00:11:40.349 [restartedMain] INFO  org.apache.coyote.http11.Http11NioProtocol - Starting ProtocolHandler ["http-nio-8080"]
2025-06-13 00:11:40.390 [restartedMain] INFO  o.s.boot.web.embedded.tomcat.TomcatWebServer - Tomcat started on port(s): 8080 (http) with context path ''
2025-06-13 00:11:40.400 [restartedMain] INFO  com.xichen.tourism.BackendApplication - Started BackendApplication in 1.042 seconds (JVM running for 338.28)
2025-06-13 00:11:40.403 [restartedMain] INFO  o.s.b.d.a.ConditionEvaluationDeltaLoggingListener - Condition evaluation unchanged
2025-06-13 00:11:40.404 [restartedMain] INFO  com.xichen.tourism.BackendApplication - =====================项目后端启动成功============================
2025-06-13 00:11:47.512 [SpringContextShutdownHook] INFO  o.s.scheduling.concurrent.ThreadPoolTaskExecutor - Shutting down ExecutorService 'applicationTaskExecutor'
2025-06-13 00:11:47.514 [SpringContextShutdownHook] INFO  com.alibaba.druid.pool.DruidDataSource - {dataSource-3} closing ...
2025-06-13 00:11:47.520 [SpringContextShutdownHook] INFO  com.alibaba.druid.pool.DruidDataSource - {dataSource-3} closed
2025-06-13 00:11:55.366 [restartedMain] INFO  com.xichen.tourism.BackendApplication - Starting BackendApplication using Java 18.0.2.1 on LAPTOP-QDS31QG8 with PID 37484 (D:\tourism\tourism-backend\target\classes started by user in D:\tourism\tourism-backend)
2025-06-13 00:11:55.368 [restartedMain] INFO  com.xichen.tourism.BackendApplication - The following profiles are active: dev
2025-06-13 00:11:55.402 [restartedMain] INFO  o.s.b.d.env.DevToolsPropertyDefaultsPostProcessor - Devtools property defaults active! Set 'spring.devtools.add-properties' to 'false' to disable
2025-06-13 00:11:55.403 [restartedMain] INFO  o.s.b.d.env.DevToolsPropertyDefaultsPostProcessor - For additional web related logging consider setting the 'logging.level.web' property to 'DEBUG'
2025-06-13 00:11:55.838 [restartedMain] INFO  o.s.d.r.config.RepositoryConfigurationDelegate - Multiple Spring Data modules found, entering strict repository configuration mode!
2025-06-13 00:11:55.840 [restartedMain] INFO  o.s.d.r.config.RepositoryConfigurationDelegate - Bootstrapping Spring Data Redis repositories in DEFAULT mode.
2025-06-13 00:11:55.860 [restartedMain] INFO  o.s.d.r.config.RepositoryConfigurationDelegate - Finished Spring Data repository scanning in 12 ms. Found 0 Redis repository interfaces.
2025-06-13 00:11:56.221 [restartedMain] INFO  o.s.boot.web.embedded.tomcat.TomcatWebServer - Tomcat initialized with port(s): 8080 (http)
2025-06-13 00:11:56.229 [restartedMain] INFO  org.apache.coyote.http11.Http11NioProtocol - Initializing ProtocolHandler ["http-nio-8080"]
2025-06-13 00:11:56.229 [restartedMain] INFO  org.apache.catalina.core.StandardService - Starting service [Tomcat]
2025-06-13 00:11:56.229 [restartedMain] INFO  org.apache.catalina.core.StandardEngine - Starting Servlet engine: [Apache Tomcat/9.0.41]
2025-06-13 00:11:56.297 [restartedMain] INFO  o.a.c.core.ContainerBase.[Tomcat].[localhost].[/] - Initializing Spring embedded WebApplicationContext
2025-06-13 00:11:56.297 [restartedMain] INFO  o.s.b.w.s.c.ServletWebServerApplicationContext - Root WebApplicationContext: initialization completed in 894 ms
2025-06-13 00:11:56.518 [restartedMain] INFO  c.a.d.s.b.a.DruidDataSourceAutoConfigure - Init DruidDataSource
2025-06-13 00:11:56.910 [restartedMain] INFO  com.alibaba.druid.pool.DruidDataSource - {dataSource-1} inited
2025-06-13 00:11:57.431 [restartedMain] INFO  o.s.scheduling.concurrent.ThreadPoolTaskExecutor - Initializing ExecutorService 'applicationTaskExecutor'
2025-06-13 00:11:57.582 [restartedMain] INFO  o.s.b.d.autoconfigure.OptionalLiveReloadServer - LiveReload server is running on port 35729
2025-06-13 00:11:57.604 [restartedMain] INFO  org.apache.coyote.http11.Http11NioProtocol - Starting ProtocolHandler ["http-nio-8080"]
2025-06-13 00:11:57.623 [restartedMain] INFO  o.s.boot.web.embedded.tomcat.TomcatWebServer - Tomcat started on port(s): 8080 (http) with context path ''
2025-06-13 00:11:57.628 [restartedMain] INFO  com.xichen.tourism.BackendApplication - Started BackendApplication in 2.548 seconds (JVM running for 3.016)
2025-06-13 00:11:57.630 [restartedMain] INFO  com.xichen.tourism.BackendApplication - =====================项目后端启动成功============================
2025-06-13 00:12:01.539 [http-nio-8080-exec-1] INFO  o.a.c.core.ContainerBase.[Tomcat].[localhost].[/] - Initializing Spring DispatcherServlet 'dispatcherServlet'
2025-06-13 00:12:01.539 [http-nio-8080-exec-1] INFO  org.springframework.web.servlet.DispatcherServlet - Initializing Servlet 'dispatcherServlet'
2025-06-13 00:12:01.539 [http-nio-8080-exec-1] INFO  org.springframework.web.servlet.DispatcherServlet - Completed initialization in 0 ms
2025-06-13 00:37:17.340 [http-nio-8080-exec-73] INFO  com.xichen.tourism.handle.MyMetaObjectHandler - 公共字段自动填充[update]...
2025-06-13 00:44:33.500 [http-nio-8080-exec-42] INFO  com.xichen.tourism.handle.MyMetaObjectHandler - 公共字段自动填充[update]...
2025-06-13 01:08:28.700 [http-nio-8080-exec-79] INFO  com.xichen.tourism.handle.MyMetaObjectHandler - 公共字段自动填充[insert]...
2025-06-13 01:09:37.784 [http-nio-8080-exec-21] INFO  com.xichen.tourism.handle.MyMetaObjectHandler - 公共字段自动填充[insert]...
2025-06-13 01:19:54.040 [Thread-5] INFO  o.s.scheduling.concurrent.ThreadPoolTaskExecutor - Shutting down ExecutorService 'applicationTaskExecutor'
2025-06-13 01:19:54.043 [Thread-5] INFO  com.alibaba.druid.pool.DruidDataSource - {dataSource-1} closing ...
2025-06-13 01:19:54.053 [Thread-5] INFO  com.alibaba.druid.pool.DruidDataSource - {dataSource-1} closed
2025-06-13 01:19:54.353 [restartedMain] INFO  com.xichen.tourism.BackendApplication - Starting BackendApplication using Java 18.0.2.1 on LAPTOP-QDS31QG8 with PID 37484 (D:\tourism\tourism-backend\target\classes started by user in D:\tourism\tourism-backend)
2025-06-13 01:19:54.353 [restartedMain] INFO  com.xichen.tourism.BackendApplication - The following profiles are active: dev
2025-06-13 01:19:54.676 [restartedMain] INFO  o.s.d.r.config.RepositoryConfigurationDelegate - Multiple Spring Data modules found, entering strict repository configuration mode!
2025-06-13 01:19:54.677 [restartedMain] INFO  o.s.d.r.config.RepositoryConfigurationDelegate - Bootstrapping Spring Data Redis repositories in DEFAULT mode.
2025-06-13 01:19:54.695 [restartedMain] INFO  o.s.d.r.config.RepositoryConfigurationDelegate - Finished Spring Data repository scanning in 17 ms. Found 0 Redis repository interfaces.
2025-06-13 01:19:54.849 [restartedMain] INFO  o.s.boot.web.embedded.tomcat.TomcatWebServer - Tomcat initialized with port(s): 8080 (http)
2025-06-13 01:19:54.850 [restartedMain] INFO  org.apache.coyote.http11.Http11NioProtocol - Initializing ProtocolHandler ["http-nio-8080"]
2025-06-13 01:19:54.852 [restartedMain] INFO  org.apache.catalina.core.StandardService - Starting service [Tomcat]
2025-06-13 01:19:54.852 [restartedMain] INFO  org.apache.catalina.core.StandardEngine - Starting Servlet engine: [Apache Tomcat/9.0.41]
2025-06-13 01:19:54.918 [restartedMain] INFO  o.a.c.core.ContainerBase.[Tomcat].[localhost].[/] - Initializing Spring embedded WebApplicationContext
2025-06-13 01:19:54.919 [restartedMain] INFO  o.s.b.w.s.c.ServletWebServerApplicationContext - Root WebApplicationContext: initialization completed in 562 ms
2025-06-13 01:19:54.987 [restartedMain] INFO  c.a.d.s.b.a.DruidDataSourceAutoConfigure - Init DruidDataSource
2025-06-13 01:19:55.230 [restartedMain] INFO  com.alibaba.druid.pool.DruidDataSource - {dataSource-2} inited
2025-06-13 01:19:55.778 [restartedMain] INFO  o.s.scheduling.concurrent.ThreadPoolTaskExecutor - Initializing ExecutorService 'applicationTaskExecutor'
2025-06-13 01:19:55.869 [restartedMain] INFO  o.s.b.d.autoconfigure.OptionalLiveReloadServer - LiveReload server is running on port 35729
2025-06-13 01:19:55.906 [restartedMain] INFO  org.apache.coyote.http11.Http11NioProtocol - Starting ProtocolHandler ["http-nio-8080"]
2025-06-13 01:19:55.923 [restartedMain] INFO  o.s.boot.web.embedded.tomcat.TomcatWebServer - Tomcat started on port(s): 8080 (http) with context path ''
2025-06-13 01:19:55.928 [restartedMain] INFO  com.xichen.tourism.BackendApplication - Started BackendApplication in 1.628 seconds (JVM running for 4081.316)
2025-06-13 01:19:55.931 [restartedMain] INFO  o.s.b.d.a.ConditionEvaluationDeltaLoggingListener - Condition evaluation unchanged
2025-06-13 01:19:55.931 [restartedMain] INFO  com.xichen.tourism.BackendApplication - =====================项目后端启动成功============================
2025-06-13 01:20:38.320 [http-nio-8080-exec-1] INFO  o.a.c.core.ContainerBase.[Tomcat].[localhost].[/] - Initializing Spring DispatcherServlet 'dispatcherServlet'
2025-06-13 01:20:38.320 [http-nio-8080-exec-1] INFO  org.springframework.web.servlet.DispatcherServlet - Initializing Servlet 'dispatcherServlet'
2025-06-13 01:20:38.323 [http-nio-8080-exec-1] INFO  org.springframework.web.servlet.DispatcherServlet - Completed initialization in 2 ms
2025-06-13 01:20:40.849 [Thread-8] INFO  o.s.scheduling.concurrent.ThreadPoolTaskExecutor - Shutting down ExecutorService 'applicationTaskExecutor'
2025-06-13 01:20:40.851 [Thread-8] INFO  com.alibaba.druid.pool.DruidDataSource - {dataSource-2} closing ...
2025-06-13 01:20:40.862 [Thread-8] INFO  com.alibaba.druid.pool.DruidDataSource - {dataSource-2} closed
2025-06-13 01:20:41.296 [restartedMain] INFO  com.xichen.tourism.BackendApplication - Starting BackendApplication using Java 18.0.2.1 on LAPTOP-QDS31QG8 with PID 37484 (D:\tourism\tourism-backend\target\classes started by user in D:\tourism\tourism-backend)
2025-06-13 01:20:41.299 [restartedMain] INFO  com.xichen.tourism.BackendApplication - The following profiles are active: dev
2025-06-13 01:20:41.778 [restartedMain] INFO  o.s.d.r.config.RepositoryConfigurationDelegate - Multiple Spring Data modules found, entering strict repository configuration mode!
2025-06-13 01:20:41.778 [restartedMain] INFO  o.s.d.r.config.RepositoryConfigurationDelegate - Bootstrapping Spring Data Redis repositories in DEFAULT mode.
2025-06-13 01:20:41.804 [restartedMain] INFO  o.s.d.r.config.RepositoryConfigurationDelegate - Finished Spring Data repository scanning in 29 ms. Found 0 Redis repository interfaces.
2025-06-13 01:20:42.023 [restartedMain] INFO  o.s.boot.web.embedded.tomcat.TomcatWebServer - Tomcat initialized with port(s): 8080 (http)
2025-06-13 01:20:42.024 [restartedMain] INFO  org.apache.coyote.http11.Http11NioProtocol - Initializing ProtocolHandler ["http-nio-8080"]
2025-06-13 01:20:42.024 [restartedMain] INFO  org.apache.catalina.core.StandardService - Starting service [Tomcat]
2025-06-13 01:20:42.026 [restartedMain] INFO  org.apache.catalina.core.StandardEngine - Starting Servlet engine: [Apache Tomcat/9.0.41]
2025-06-13 01:20:42.124 [restartedMain] INFO  o.a.c.core.ContainerBase.[Tomcat].[localhost].[/] - Initializing Spring embedded WebApplicationContext
2025-06-13 01:20:42.126 [restartedMain] INFO  o.s.b.w.s.c.ServletWebServerApplicationContext - Root WebApplicationContext: initialization completed in 821 ms
2025-06-13 01:20:42.211 [restartedMain] INFO  c.a.d.s.b.a.DruidDataSourceAutoConfigure - Init DruidDataSource
2025-06-13 01:20:42.529 [restartedMain] INFO  com.alibaba.druid.pool.DruidDataSource - {dataSource-3} inited
2025-06-13 01:20:43.485 [restartedMain] INFO  o.s.scheduling.concurrent.ThreadPoolTaskExecutor - Initializing ExecutorService 'applicationTaskExecutor'
2025-06-13 01:20:43.637 [restartedMain] INFO  o.s.b.d.autoconfigure.OptionalLiveReloadServer - LiveReload server is running on port 35729
2025-06-13 01:20:43.704 [restartedMain] INFO  org.apache.coyote.http11.Http11NioProtocol - Starting ProtocolHandler ["http-nio-8080"]
2025-06-13 01:20:43.725 [restartedMain] INFO  o.s.boot.web.embedded.tomcat.TomcatWebServer - Tomcat started on port(s): 8080 (http) with context path ''
2025-06-13 01:20:43.737 [restartedMain] INFO  com.xichen.tourism.BackendApplication - Started BackendApplication in 2.541 seconds (JVM running for 4129.126)
2025-06-13 01:20:43.741 [restartedMain] INFO  o.s.b.d.a.ConditionEvaluationDeltaLoggingListener - Condition evaluation unchanged
2025-06-13 01:20:43.745 [restartedMain] INFO  com.xichen.tourism.BackendApplication - =====================项目后端启动成功============================
2025-06-13 01:20:54.430 [http-nio-8080-exec-3] INFO  o.a.c.core.ContainerBase.[Tomcat].[localhost].[/] - Initializing Spring DispatcherServlet 'dispatcherServlet'
2025-06-13 01:20:54.430 [http-nio-8080-exec-3] INFO  org.springframework.web.servlet.DispatcherServlet - Initializing Servlet 'dispatcherServlet'
2025-06-13 01:20:54.430 [http-nio-8080-exec-3] INFO  org.springframework.web.servlet.DispatcherServlet - Completed initialization in 0 ms
2025-06-13 01:29:17.180 [SpringContextShutdownHook] INFO  o.s.scheduling.concurrent.ThreadPoolTaskExecutor - Shutting down ExecutorService 'applicationTaskExecutor'
2025-06-13 01:29:17.183 [SpringContextShutdownHook] INFO  com.alibaba.druid.pool.DruidDataSource - {dataSource-3} closing ...
2025-06-13 01:29:17.187 [SpringContextShutdownHook] INFO  com.alibaba.druid.pool.DruidDataSource - {dataSource-3} closed
2025-06-13 01:29:25.193 [restartedMain] INFO  com.xichen.tourism.BackendApplication - Starting BackendApplication using Java 18.0.2.1 on LAPTOP-QDS31QG8 with PID 50404 (D:\tourism\tourism-backend\target\classes started by user in D:\tourism\tourism-backend)
2025-06-13 01:29:25.195 [restartedMain] INFO  com.xichen.tourism.BackendApplication - The following profiles are active: dev
2025-06-13 01:29:25.258 [restartedMain] INFO  o.s.b.d.env.DevToolsPropertyDefaultsPostProcessor - Devtools property defaults active! Set 'spring.devtools.add-properties' to 'false' to disable
2025-06-13 01:29:25.258 [restartedMain] INFO  o.s.b.d.env.DevToolsPropertyDefaultsPostProcessor - For additional web related logging consider setting the 'logging.level.web' property to 'DEBUG'
2025-06-13 01:29:25.961 [restartedMain] INFO  o.s.d.r.config.RepositoryConfigurationDelegate - Multiple Spring Data modules found, entering strict repository configuration mode!
2025-06-13 01:29:25.964 [restartedMain] INFO  o.s.d.r.config.RepositoryConfigurationDelegate - Bootstrapping Spring Data Redis repositories in DEFAULT mode.
2025-06-13 01:29:25.997 [restartedMain] INFO  o.s.d.r.config.RepositoryConfigurationDelegate - Finished Spring Data repository scanning in 21 ms. Found 0 Redis repository interfaces.
2025-06-13 01:29:26.782 [restartedMain] INFO  o.s.boot.web.embedded.tomcat.TomcatWebServer - Tomcat initialized with port(s): 8080 (http)
2025-06-13 01:29:26.793 [restartedMain] INFO  org.apache.coyote.http11.Http11NioProtocol - Initializing ProtocolHandler ["http-nio-8080"]
2025-06-13 01:29:26.793 [restartedMain] INFO  org.apache.catalina.core.StandardService - Starting service [Tomcat]
2025-06-13 01:29:26.794 [restartedMain] INFO  org.apache.catalina.core.StandardEngine - Starting Servlet engine: [Apache Tomcat/9.0.41]
2025-06-13 01:29:26.915 [restartedMain] INFO  o.a.c.core.ContainerBase.[Tomcat].[localhost].[/] - Initializing Spring embedded WebApplicationContext
2025-06-13 01:29:26.916 [restartedMain] INFO  o.s.b.w.s.c.ServletWebServerApplicationContext - Root WebApplicationContext: initialization completed in 1657 ms
2025-06-13 01:29:27.372 [restartedMain] INFO  c.a.d.s.b.a.DruidDataSourceAutoConfigure - Init DruidDataSource
2025-06-13 01:29:28.216 [restartedMain] INFO  com.alibaba.druid.pool.DruidDataSource - {dataSource-1} inited
2025-06-13 01:29:29.183 [restartedMain] INFO  o.s.scheduling.concurrent.ThreadPoolTaskExecutor - Initializing ExecutorService 'applicationTaskExecutor'
2025-06-13 01:29:29.436 [restartedMain] INFO  o.s.b.d.autoconfigure.OptionalLiveReloadServer - LiveReload server is running on port 35729
2025-06-13 01:29:29.469 [restartedMain] INFO  org.apache.coyote.http11.Http11NioProtocol - Starting ProtocolHandler ["http-nio-8080"]
2025-06-13 01:29:29.503 [restartedMain] INFO  o.s.boot.web.embedded.tomcat.TomcatWebServer - Tomcat started on port(s): 8080 (http) with context path ''
2025-06-13 01:29:29.512 [restartedMain] INFO  com.xichen.tourism.BackendApplication - Started BackendApplication in 4.828 seconds (JVM running for 5.744)
2025-06-13 01:29:29.514 [restartedMain] INFO  com.xichen.tourism.BackendApplication - =====================项目后端启动成功============================
2025-06-13 01:29:36.411 [http-nio-8080-exec-1] INFO  o.a.c.core.ContainerBase.[Tomcat].[localhost].[/] - Initializing Spring DispatcherServlet 'dispatcherServlet'
2025-06-13 01:29:36.412 [http-nio-8080-exec-1] INFO  org.springframework.web.servlet.DispatcherServlet - Initializing Servlet 'dispatcherServlet'
2025-06-13 01:29:36.413 [http-nio-8080-exec-1] INFO  org.springframework.web.servlet.DispatcherServlet - Completed initialization in 1 ms
2025-06-13 01:31:13.025 [http-nio-8080-exec-46] INFO  com.xichen.tourism.handle.MyMetaObjectHandler - 公共字段自动填充[update]...
2025-06-13 02:03:50.331 [http-nio-8080-exec-83] INFO  com.xichen.tourism.handle.MyMetaObjectHandler - 公共字段自动填充[update]...
2025-06-13 03:34:24.461 [http-nio-8080-exec-51] INFO  com.xichen.tourism.handle.MyMetaObjectHandler - 公共字段自动填充[insert]...
2025-06-13 03:42:45.743 [http-nio-8080-exec-21] INFO  com.xichen.tourism.handle.MyMetaObjectHandler - 公共字段自动填充[update]...
2025-06-13 03:46:12.438 [http-nio-8080-exec-31] INFO  com.xichen.tourism.handle.MyMetaObjectHandler - 公共字段自动填充[update]...
2025-06-13 03:46:38.220 [http-nio-8080-exec-41] INFO  com.xichen.tourism.handle.MyMetaObjectHandler - 公共字段自动填充[update]...
2025-06-13 03:49:08.578 [http-nio-8080-exec-82] INFO  com.xichen.tourism.handle.MyMetaObjectHandler - 公共字段自动填充[insert]...
2025-06-13 09:20:44.532 [http-nio-8080-exec-45] INFO  com.xichen.tourism.handle.MyMetaObjectHandler - 公共字段自动填充[update]...
2025-06-13 09:21:06.796 [http-nio-8080-exec-53] INFO  com.xichen.tourism.handle.MyMetaObjectHandler - 公共字段自动填充[update]...
